<?xml version="1.0" encoding="UTF-8"?>
<!-- Generated by org.testng.reporters.JUnitReportReporter -->
<testsuite hostname="LAPTOP-U6I879OE" failures="0" tests="1" name="seva.ValidateResponse" time="1.717" errors="0" timestamp="2022-02-22T11:02:49 NPT" skipped="0">
  <testcase classname="seva.ValidateResponse" name="statuscodeVerification" time="1.717"/>
  <system-out/>
</testsuite> <!-- seva.ValidateResponse -->
