<?xml version="1.0" encoding="UTF-8"?>
<!-- Generated by org.testng.reporters.JUnitReportReporter -->
<testsuite hostname="LAPTOP-U6I879OE" failures="0" tests="1" name="seva.PostRequestDemo" time="1.363" errors="0" timestamp="2022-02-23T11:54:30 NPT" skipped="0">
  <testcase classname="seva.PostRequestDemo" name="statusCodeVerification" time="1.363"/>
  <system-out/>
</testsuite> <!-- seva.PostRequestDemo -->
