<?xml version="1.0" encoding="UTF-8"?>
<!-- Generated by org.testng.reporters.JUnitReportReporter -->
<testsuite hostname="LAPTOP-U6I879OE" failures="0" tests="1" name="seva.login" time="1.155" errors="0" timestamp="2022-02-23T11:55:00 NPT" skipped="0">
  <testcase classname="seva.login" name="statusCodeVerification" time="1.155"/>
  <system-out/>
</testsuite> <!-- seva.login -->
